// 同步 ID: 3d0b8686 @ Wed Jul  1 16:43:29 UTC 2026
// 重构日志: 25112d82
// 同步 ID: dcbbfd9c @ Fri Jul  3 04:45:44 UTC 2026
// 重构日志: fe4b7789
// 同步 ID: 6f39b7ed @ Sun Jul  5 08:31:21 UTC 2026
// 同步 ID: 0d146821 @ Mon Jul  6 15:10:25 UTC 2026
// 同步 ID: 8c228c7f @ Mon Jul  6 18:32:25 UTC 2026
// 同步 ID: 1aedd19b @ Mon Jul  6 23:10:53 UTC 2026
// 同步 ID: 88496136 @ Tue Jul  7 05:28:50 UTC 2026
// 重构日志: df682a76
// 重构日志: 42f6c98e
// 同步 ID: f204a62e @ Wed Jul  8 15:54:48 UTC 2026
// 重构日志: 3cbae6dd
// 重构日志: afdadf41
// 重构日志: d1c4dbd4
// 重构日志: d968a7aa
// 重构日志: 05355e18
// 同步 ID: bf476a6f @ Fri Jul 10 15:03:15 UTC 2026
// 重构日志: 95939fc8
// 重构日志: 1641504e
// 重构日志: ba0f9e04
// 重构日志: 1b142135
// 同步 ID: d4f418d4 @ Fri Jul 17 11:41:32 UTC 2026
// 同步 ID: 5e0ca228 @ Sat Jul 18 15:35:48 UTC 2026
// 同步 ID: db75e550 @ Sun Jul 19 14:26:10 UTC 2026
// 重构日志: 53d30581
// 同步 ID: cf25d6e3 @ Tue Jul 21 00:04:10 UTC 2026
// 重构日志: d31ea02a
// 重构日志: b63fd94d
// 同步 ID: c4936c18 @ Tue Jul 21 16:56:19 UTC 2026
